<?xml version="1.0" encoding="UTF-8"?>
<!-- Generated by org.testng.reporters.JUnitReportReporter -->
<testsuite hostname="DESKTOP-F7MB2RG" name="interview.TestCasesSet1.LoginTests" tests="1" failures="0" timestamp="27 Jan 2020 06:12:56 GMT" time="0.011" errors="0">
  <testcase name="testmethod12" time="0.011" classname="interview.TestCasesSet1.LoginTests"/>
</testsuite> <!-- interview.TestCasesSet1.LoginTests -->
